app/build/intermediates/manifest_merge_blame_file/release/manifest-merger-blame-release-report.txt
1<?xml version="1.0" encoding="utf-8"?>
2<manifest xmlns:android="http://schemas.android.com/apk/res/android"
3    package="com.example.youtubeaudio"
4    android:versionCode="1"
5    android:versionName="1.0" >
6
7    <uses-sdk
8        android:minSdkVersion="19"
8-->src/main/AndroidManifest.xml
9        android:targetSdkVersion="29" />
9-->src/main/AndroidManifest.xml
10
11    <uses-permission android:name="android.permission.INTERNET" />
11-->src/main/AndroidManifest.xml:6:5-67
11-->src/main/AndroidManifest.xml:6:22-64
12    <uses-permission android:name="android.permission.ACCESS_NETWORK_STATE" />
12-->src/main/AndroidManifest.xml:7:5-79
12-->src/main/AndroidManifest.xml:7:22-76
13    <uses-permission android:name="android.permission.READ_EXTERNAL_STORAGE" />
13-->src/main/AndroidManifest.xml:8:5-80
13-->src/main/AndroidManifest.xml:8:22-77
14    <uses-permission android:name="android.permission.WRITE_EXTERNAL_STORAGE" />
14-->src/main/AndroidManifest.xml:9:5-81
14-->src/main/AndroidManifest.xml:9:22-78
15
16    <uses-feature android:name="an" />
16-->src/main/AndroidManifest.xml:10:1-48
16-->src/main/AndroidManifest.xml:10:15-32
17
18    <application
18-->src/main/AndroidManifest.xml:11:5-43:19
19        android:allowBackup="true"
19-->src/main/AndroidManifest.xml:12:9-35
20        android:appComponentFactory="androidx.core.app.CoreComponentFactory"
20-->[androidx.core:core:1.1.0] AndroidManifest.xml:24:18-86
21        android:icon="@mipmap/ic_launcher"
21-->src/main/AndroidManifest.xml:13:9-43
22        android:label="@string/app_name"
22-->src/main/AndroidManifest.xml:14:9-41
23        android:roundIcon="@mipmap/ic_launcher_round"
23-->src/main/AndroidManifest.xml:15:9-54
24        android:supportsRtl="true"
24-->src/main/AndroidManifest.xml:16:9-35
25        android:theme="@style/Theme.MaterialComponents"
25-->src/main/AndroidManifest.xml:17:9-56
26        android:usesCleartextTraffic="true" >
26-->src/main/AndroidManifest.xml:18:9-44
27        <provider
27-->src/main/AndroidManifest.xml:19:9-24:38
28            android:name="br.com.mauker.materialsearchview.db.HistoryProvider"
28-->src/main/AndroidManifest.xml:20:13-79
29            android:authorities="br.com.mauker.materialsearchview.searchhistorydatabase"
29-->src/main/AndroidManifest.xml:21:13-89
30            android:exported="false"
30-->src/main/AndroidManifest.xml:22:13-37
31            android:protectionLevel="signature"
31-->src/main/AndroidManifest.xml:23:13-48
32            android:syncable="true" />
32-->src/main/AndroidManifest.xml:24:13-36
33
34        <activity
34-->src/main/AndroidManifest.xml:25:9-31:35
35            android:name="com.example.WatchVideoActivity"
35-->src/main/AndroidManifest.xml:26:13-58
36            android:launchMode="singleTask"
36-->src/main/AndroidManifest.xml:29:13-44
37            android:resizeableActivity="true"
37-->src/main/AndroidManifest.xml:27:13-46
38            android:supportsPictureInPicture="true"
38-->src/main/AndroidManifest.xml:28:13-52
39            android:theme="@style/Theme.MaterialComponents.NoActionBar" />
39-->src/main/AndroidManifest.xml:30:13-72
40        <activity
40-->src/main/AndroidManifest.xml:32:9-42:20
41            android:name="com.example.youtubeaudio.SearchTube"
41-->src/main/AndroidManifest.xml:33:13-39
42            android:configChanges="orientation|keyboardHidden|screenSize"
42-->src/main/AndroidManifest.xml:34:13-74
43            android:label=""
43-->src/main/AndroidManifest.xml:35:13-29
44            android:theme="@style/Theme.MaterialComponents" >
44-->src/main/AndroidManifest.xml:36:13-60
45            <intent-filter>
45-->src/main/AndroidManifest.xml:37:13-41:29
46                <action android:name="android.intent.action.MAIN" />
46-->src/main/AndroidManifest.xml:38:17-69
46-->src/main/AndroidManifest.xml:38:25-66
47
48                <category android:name="android.intent.category.LAUNCHER" />
48-->src/main/AndroidManifest.xml:40:17-77
48-->src/main/AndroidManifest.xml:40:27-74
49            </intent-filter>
50        </activity>
51
52        <provider
52-->[com.squareup.picasso:picasso:2.71828] AndroidManifest.xml:8:9-11:40
53            android:name="com.squareup.picasso.PicassoProvider"
53-->[com.squareup.picasso:picasso:2.71828] AndroidManifest.xml:9:13-64
54            android:authorities="com.example.youtubeaudio.com.squareup.picasso"
54-->[com.squareup.picasso:picasso:2.71828] AndroidManifest.xml:10:13-72
55            android:exported="false" />
55-->[com.squareup.picasso:picasso:2.71828] AndroidManifest.xml:11:13-37
56    </application>
57
58</manifest>